Global seed set to 1501
GPU available: True (cuda), used: True
TPU available: False, using: 0 TPU cores
IPU available: False, using: 0 IPUs
HPU available: False, using: 0 HPUs
Missing logger folder: /home/eesoymilk/src/c247-nndl-project/logs/2025-03-12/08-40-15/job0_decoder=ctc_greedy,model=tds_conv_ctc,trainer.devices=1,transforms=custom,user=single_user/lightning_logs
LOCAL_RANK: 0 - CUDA_VISIBLE_DEVICES: [0]
/home/eesoymilk/miniconda3/envs/emg2qwerty/lib/python3.10/site-packages/pl_bolts/__init__.py:11: FutureWarning: In the future `np.object` will be defined as the corresponding NumPy scalar.
  if not hasattr(numpy, tp_name):
/home/eesoymilk/miniconda3/envs/emg2qwerty/lib/python3.10/site-packages/pl_bolts/__init__.py:11: FutureWarning: In the future `np.bool` will be defined as the corresponding NumPy scalar.
  if not hasattr(numpy, tp_name):
/home/eesoymilk/miniconda3/envs/emg2qwerty/lib/python3.10/site-packages/pl_bolts/models/self_supervised/amdim/amdim_module.py:34: UnderReviewWarning: The feature generate_power_seq is currently marked under review. The compatibility with other Lightning projects is not guaranteed and API may change at any time. The API and functionality may change without warning in future releases. More details: https://lightning-bolts.readthedocs.io/en/latest/stability.html
  "lr_options": generate_power_seq(LEARNING_RATE_CIFAR, 11),
/home/eesoymilk/miniconda3/envs/emg2qwerty/lib/python3.10/site-packages/pl_bolts/models/self_supervised/amdim/amdim_module.py:92: UnderReviewWarning: The feature FeatureMapContrastiveTask is currently marked under review. The compatibility with other Lightning projects is not guaranteed and API may change at any time. The API and functionality may change without warning in future releases. More details: https://lightning-bolts.readthedocs.io/en/latest/stability.html
  contrastive_task: Union[FeatureMapContrastiveTask] = FeatureMapContrastiveTask("01, 02, 11"),
/home/eesoymilk/miniconda3/envs/emg2qwerty/lib/python3.10/site-packages/pl_bolts/losses/self_supervised_learning.py:228: UnderReviewWarning: The feature AmdimNCELoss is currently marked under review. The compatibility with other Lightning projects is not guaranteed and API may change at any time. The API and functionality may change without warning in future releases. More details: https://lightning-bolts.readthedocs.io/en/latest/stability.html
  self.nce_loss = AmdimNCELoss(tclip)
/home/eesoymilk/miniconda3/envs/emg2qwerty/lib/python3.10/site-packages/hydra/_internal/instantiate/_instantiate2.py:92: UnderReviewWarning: The feature LinearWarmupCosineAnnealingLR is currently marked under review. The compatibility with other Lightning projects is not guaranteed and API may change at any time. The API and functionality may change without warning in future releases. More details: https://lightning-bolts.readthedocs.io/en/latest/stability.html
  return _target_(*args, **kwargs)

  | Name     | Type       | Params
----------------------------------------
0 | ctc_loss | CTCLoss    | 0     
1 | metrics  | ModuleDict | 0     
2 | model    | Sequential | 5.3 M 
----------------------------------------
5.3 M     Trainable params
0         Non-trainable params
5.3 M     Total params
21.173    Total estimated model params size (MB)
/home/eesoymilk/miniconda3/envs/emg2qwerty/lib/python3.10/site-packages/pytorch_lightning/trainer/connectors/data_connector.py:224: PossibleUserWarning: The dataloader, val_dataloader 0, does not have many workers which may be a bottleneck. Consider increasing the value of the `num_workers` argument` (try 16 which is the number of cpus on this machine) in the `DataLoader` init to improve performance.
  rank_zero_warn(
/home/eesoymilk/miniconda3/envs/emg2qwerty/lib/python3.10/site-packages/pytorch_lightning/trainer/connectors/data_connector.py:224: PossibleUserWarning: The dataloader, train_dataloader, does not have many workers which may be a bottleneck. Consider increasing the value of the `num_workers` argument` (try 16 which is the number of cpus on this machine) in the `DataLoader` init to improve performance.
  rank_zero_warn(
Epoch 0, global step 240: 'val/CER' reached 128.93221 (best 128.93221), saving model to '/home/eesoymilk/src/c247-nndl-project/logs/2025-03-12/08-40-15/job0_decoder=ctc_greedy,model=tds_conv_ctc,trainer.devices=1,transforms=custom,user=single_user/checkpoints/epoch=0-step=240.ckpt' as top 1
Epoch 1, global step 480: 'val/CER' reached 100.00000 (best 100.00000), saving model to '/home/eesoymilk/src/c247-nndl-project/logs/2025-03-12/08-40-15/job0_decoder=ctc_greedy,model=tds_conv_ctc,trainer.devices=1,transforms=custom,user=single_user/checkpoints/epoch=1-step=480.ckpt' as top 1
Epoch 2, global step 720: 'val/CER' was not in top 1
Epoch 3, global step 960: 'val/CER' was not in top 1
Epoch 4, global step 1200: 'val/CER' was not in top 1
Epoch 5, global step 1440: 'val/CER' was not in top 1
Epoch 6, global step 1680: 'val/CER' was not in top 1
Epoch 7, global step 1920: 'val/CER' was not in top 1
Epoch 8, global step 2160: 'val/CER' was not in top 1
Epoch 9, global step 2400: 'val/CER' was not in top 1
Epoch 10, global step 2640: 'val/CER' was not in top 1
Epoch 11, global step 2880: 'val/CER' was not in top 1
Epoch 12, global step 3120: 'val/CER' was not in top 1
Epoch 13, global step 3360: 'val/CER' was not in top 1
Epoch 14, global step 3600: 'val/CER' was not in top 1
Epoch 15, global step 3840: 'val/CER' reached 99.77847 (best 99.77847), saving model to '/home/eesoymilk/src/c247-nndl-project/logs/2025-03-12/08-40-15/job0_decoder=ctc_greedy,model=tds_conv_ctc,trainer.devices=1,transforms=custom,user=single_user/checkpoints/epoch=15-step=3840.ckpt' as top 1
Epoch 16, global step 4080: 'val/CER' was not in top 1
Epoch 17, global step 4320: 'val/CER' was not in top 1
Epoch 18, global step 4560: 'val/CER' reached 92.51218 (best 92.51218), saving model to '/home/eesoymilk/src/c247-nndl-project/logs/2025-03-12/08-40-15/job0_decoder=ctc_greedy,model=tds_conv_ctc,trainer.devices=1,transforms=custom,user=single_user/checkpoints/epoch=18-step=4560.ckpt' as top 1
Epoch 19, global step 4800: 'val/CER' reached 92.06911 (best 92.06911), saving model to '/home/eesoymilk/src/c247-nndl-project/logs/2025-03-12/08-40-15/job0_decoder=ctc_greedy,model=tds_conv_ctc,trainer.devices=1,transforms=custom,user=single_user/checkpoints/epoch=19-step=4800.ckpt' as top 1
Epoch 20, global step 5040: 'val/CER' reached 80.79309 (best 80.79309), saving model to '/home/eesoymilk/src/c247-nndl-project/logs/2025-03-12/08-40-15/job0_decoder=ctc_greedy,model=tds_conv_ctc,trainer.devices=1,transforms=custom,user=single_user/checkpoints/epoch=20-step=5040.ckpt' as top 1
Epoch 21, global step 5280: 'val/CER' was not in top 1
Epoch 22, global step 5520: 'val/CER' reached 79.64111 (best 79.64111), saving model to '/home/eesoymilk/src/c247-nndl-project/logs/2025-03-12/08-40-15/job0_decoder=ctc_greedy,model=tds_conv_ctc,trainer.devices=1,transforms=custom,user=single_user/checkpoints/epoch=22-step=5520.ckpt' as top 1
Epoch 23, global step 5760: 'val/CER' reached 73.01728 (best 73.01728), saving model to '/home/eesoymilk/src/c247-nndl-project/logs/2025-03-12/08-40-15/job0_decoder=ctc_greedy,model=tds_conv_ctc,trainer.devices=1,transforms=custom,user=single_user/checkpoints/epoch=23-step=5760.ckpt' as top 1
Epoch 24, global step 6000: 'val/CER' was not in top 1
Epoch 25, global step 6240: 'val/CER' was not in top 1
Epoch 26, global step 6480: 'val/CER' was not in top 1
Epoch 27, global step 6720: 'val/CER' was not in top 1
Epoch 28, global step 6960: 'val/CER' was not in top 1
Epoch 29, global step 7200: 'val/CER' was not in top 1
Epoch 30, global step 7440: 'val/CER' was not in top 1
Epoch 31, global step 7680: 'val/CER' was not in top 1
Epoch 32, global step 7920: 'val/CER' was not in top 1
Epoch 33, global step 8160: 'val/CER' was not in top 1
Epoch 34, global step 8400: 'val/CER' was not in top 1
Epoch 35, global step 8640: 'val/CER' was not in top 1
Epoch 36, global step 8880: 'val/CER' was not in top 1
Epoch 37, global step 9120: 'val/CER' reached 69.80505 (best 69.80505), saving model to '/home/eesoymilk/src/c247-nndl-project/logs/2025-03-12/08-40-15/job0_decoder=ctc_greedy,model=tds_conv_ctc,trainer.devices=1,transforms=custom,user=single_user/checkpoints/epoch=37-step=9120.ckpt' as top 1
Epoch 38, global step 9360: 'val/CER' was not in top 1
Epoch 39, global step 9600: 'val/CER' was not in top 1
Epoch 40, global step 9840: 'val/CER' was not in top 1
Epoch 41, global step 10080: 'val/CER' was not in top 1
Epoch 42, global step 10320: 'val/CER' was not in top 1
Epoch 43, global step 10560: 'val/CER' was not in top 1
Epoch 44, global step 10800: 'val/CER' was not in top 1
Epoch 45, global step 11040: 'val/CER' was not in top 1
Epoch 46, global step 11280: 'val/CER' was not in top 1
Epoch 47, global step 11520: 'val/CER' was not in top 1
Epoch 48, global step 11760: 'val/CER' was not in top 1
Epoch 49, global step 12000: 'val/CER' was not in top 1
Epoch 50, global step 12240: 'val/CER' was not in top 1
Epoch 51, global step 12480: 'val/CER' was not in top 1
Epoch 52, global step 12720: 'val/CER' was not in top 1
Epoch 53, global step 12960: 'val/CER' was not in top 1
Epoch 54, global step 13200: 'val/CER' was not in top 1
Epoch 55, global step 13440: 'val/CER' was not in top 1
Epoch 56, global step 13680: 'val/CER' was not in top 1
Epoch 57, global step 13920: 'val/CER' was not in top 1
Epoch 58, global step 14160: 'val/CER' was not in top 1
Epoch 59, global step 14400: 'val/CER' was not in top 1
Epoch 60, global step 14640: 'val/CER' was not in top 1
Epoch 61, global step 14880: 'val/CER' was not in top 1
Epoch 62, global step 15120: 'val/CER' was not in top 1
Epoch 63, global step 15360: 'val/CER' was not in top 1
Epoch 64, global step 15600: 'val/CER' was not in top 1
Epoch 65, global step 15840: 'val/CER' was not in top 1
Epoch 66, global step 16080: 'val/CER' was not in top 1
Epoch 67, global step 16320: 'val/CER' was not in top 1
Epoch 68, global step 16560: 'val/CER' was not in top 1
Epoch 69, global step 16800: 'val/CER' was not in top 1
Epoch 70, global step 17040: 'val/CER' was not in top 1
Epoch 71, global step 17280: 'val/CER' was not in top 1
Epoch 72, global step 17520: 'val/CER' was not in top 1
Epoch 73, global step 17760: 'val/CER' was not in top 1
Epoch 74, global step 18000: 'val/CER' was not in top 1
Epoch 75, global step 18240: 'val/CER' was not in top 1
Epoch 76, global step 18480: 'val/CER' was not in top 1
Epoch 77, global step 18720: 'val/CER' was not in top 1
Epoch 78, global step 18960: 'val/CER' was not in top 1
Epoch 79, global step 19200: 'val/CER' was not in top 1
Epoch 80, global step 19440: 'val/CER' was not in top 1
Epoch 81, global step 19680: 'val/CER' was not in top 1
Epoch 82, global step 19920: 'val/CER' was not in top 1
Epoch 83, global step 20160: 'val/CER' was not in top 1
Epoch 84, global step 20400: 'val/CER' was not in top 1
Epoch 85, global step 20640: 'val/CER' was not in top 1
Epoch 86, global step 20880: 'val/CER' was not in top 1
Epoch 87, global step 21120: 'val/CER' was not in top 1
Epoch 88, global step 21360: 'val/CER' was not in top 1
Epoch 89, global step 21600: 'val/CER' was not in top 1
Epoch 90, global step 21840: 'val/CER' was not in top 1
Epoch 91, global step 22080: 'val/CER' was not in top 1
Epoch 92, global step 22320: 'val/CER' was not in top 1
Epoch 93, global step 22560: 'val/CER' was not in top 1
Epoch 94, global step 22800: 'val/CER' was not in top 1
Epoch 95, global step 23040: 'val/CER' was not in top 1
Epoch 96, global step 23280: 'val/CER' was not in top 1
Epoch 97, global step 23520: 'val/CER' was not in top 1
Epoch 98, global step 23760: 'val/CER' was not in top 1
Epoch 99, global step 24000: 'val/CER' was not in top 1
`Trainer.fit` stopped: `max_epochs=100` reached.
