Global seed set to 1501
GPU available: True (cuda), used: True
TPU available: False, using: 0 TPU cores
IPU available: False, using: 0 IPUs
HPU available: False, using: 0 HPUs
Missing logger folder: /home/eesoymilk/src/c247-nndl-project/logs/2025-03-12/23-53-45/job0_model=hybrid_ctc,trainer.devices=1,user=single_user/lightning_logs
LOCAL_RANK: 0 - CUDA_VISIBLE_DEVICES: [0]
/home/eesoymilk/miniconda3/envs/emg2qwerty/lib/python3.10/site-packages/pl_bolts/__init__.py:11: FutureWarning: In the future `np.object` will be defined as the corresponding NumPy scalar.
  if not hasattr(numpy, tp_name):
/home/eesoymilk/miniconda3/envs/emg2qwerty/lib/python3.10/site-packages/pl_bolts/__init__.py:11: FutureWarning: In the future `np.bool` will be defined as the corresponding NumPy scalar.
  if not hasattr(numpy, tp_name):
/home/eesoymilk/miniconda3/envs/emg2qwerty/lib/python3.10/site-packages/pl_bolts/models/self_supervised/amdim/amdim_module.py:34: UnderReviewWarning: The feature generate_power_seq is currently marked under review. The compatibility with other Lightning projects is not guaranteed and API may change at any time. The API and functionality may change without warning in future releases. More details: https://lightning-bolts.readthedocs.io/en/latest/stability.html
  "lr_options": generate_power_seq(LEARNING_RATE_CIFAR, 11),
/home/eesoymilk/miniconda3/envs/emg2qwerty/lib/python3.10/site-packages/pl_bolts/models/self_supervised/amdim/amdim_module.py:92: UnderReviewWarning: The feature FeatureMapContrastiveTask is currently marked under review. The compatibility with other Lightning projects is not guaranteed and API may change at any time. The API and functionality may change without warning in future releases. More details: https://lightning-bolts.readthedocs.io/en/latest/stability.html
  contrastive_task: Union[FeatureMapContrastiveTask] = FeatureMapContrastiveTask("01, 02, 11"),
/home/eesoymilk/miniconda3/envs/emg2qwerty/lib/python3.10/site-packages/pl_bolts/losses/self_supervised_learning.py:228: UnderReviewWarning: The feature AmdimNCELoss is currently marked under review. The compatibility with other Lightning projects is not guaranteed and API may change at any time. The API and functionality may change without warning in future releases. More details: https://lightning-bolts.readthedocs.io/en/latest/stability.html
  self.nce_loss = AmdimNCELoss(tclip)
/home/eesoymilk/miniconda3/envs/emg2qwerty/lib/python3.10/site-packages/hydra/_internal/instantiate/_instantiate2.py:92: UnderReviewWarning: The feature LinearWarmupCosineAnnealingLR is currently marked under review. The compatibility with other Lightning projects is not guaranteed and API may change at any time. The API and functionality may change without warning in future releases. More details: https://lightning-bolts.readthedocs.io/en/latest/stability.html
  return _target_(*args, **kwargs)

  | Name     | Type       | Params
----------------------------------------
0 | ctc_loss | CTCLoss    | 0     
1 | metrics  | ModuleDict | 0     
2 | model    | Sequential | 9.5 M 
----------------------------------------
9.5 M     Trainable params
0         Non-trainable params
9.5 M     Total params
37.896    Total estimated model params size (MB)
/home/eesoymilk/miniconda3/envs/emg2qwerty/lib/python3.10/site-packages/pytorch_lightning/trainer/connectors/data_connector.py:224: PossibleUserWarning: The dataloader, val_dataloader 0, does not have many workers which may be a bottleneck. Consider increasing the value of the `num_workers` argument` (try 16 which is the number of cpus on this machine) in the `DataLoader` init to improve performance.
  rank_zero_warn(
/home/eesoymilk/miniconda3/envs/emg2qwerty/lib/python3.10/site-packages/pytorch_lightning/trainer/connectors/data_connector.py:224: PossibleUserWarning: The dataloader, train_dataloader, does not have many workers which may be a bottleneck. Consider increasing the value of the `num_workers` argument` (try 16 which is the number of cpus on this machine) in the `DataLoader` init to improve performance.
  rank_zero_warn(
Epoch 0, global step 240: 'val/CER' reached 205.38326 (best 205.38326), saving model to '/home/eesoymilk/src/c247-nndl-project/logs/2025-03-12/23-53-45/job0_model=hybrid_ctc,trainer.devices=1,user=single_user/checkpoints/epoch=0-step=240.ckpt' as top 1
Epoch 1, global step 480: 'val/CER' reached 100.00000 (best 100.00000), saving model to '/home/eesoymilk/src/c247-nndl-project/logs/2025-03-12/23-53-45/job0_model=hybrid_ctc,trainer.devices=1,user=single_user/checkpoints/epoch=1-step=480.ckpt' as top 1
Epoch 2, global step 720: 'val/CER' was not in top 1
Epoch 3, global step 960: 'val/CER' was not in top 1
Epoch 4, global step 1200: 'val/CER' was not in top 1
Epoch 5, global step 1440: 'val/CER' was not in top 1
Epoch 6, global step 1680: 'val/CER' was not in top 1
Epoch 7, global step 1920: 'val/CER' was not in top 1
Epoch 8, global step 2160: 'val/CER' was not in top 1
Epoch 9, global step 2400: 'val/CER' was not in top 1
Epoch 10, global step 2640: 'val/CER' was not in top 1
Epoch 11, global step 2880: 'val/CER' was not in top 1
Epoch 12, global step 3120: 'val/CER' was not in top 1
Epoch 13, global step 3360: 'val/CER' was not in top 1
Epoch 14, global step 3600: 'val/CER' was not in top 1
Epoch 15, global step 3840: 'val/CER' was not in top 1
Epoch 16, global step 4080: 'val/CER' was not in top 1
Epoch 17, global step 4320: 'val/CER' was not in top 1
Epoch 18, global step 4560: 'val/CER' was not in top 1
Epoch 19, global step 4800: 'val/CER' was not in top 1
Epoch 20, global step 5040: 'val/CER' was not in top 1
Epoch 21, global step 5280: 'val/CER' was not in top 1
Epoch 22, global step 5520: 'val/CER' was not in top 1
Epoch 23, global step 5760: 'val/CER' was not in top 1
Epoch 24, global step 6000: 'val/CER' was not in top 1
Epoch 25, global step 6240: 'val/CER' was not in top 1
Epoch 26, global step 6480: 'val/CER' reached 95.72441 (best 95.72441), saving model to '/home/eesoymilk/src/c247-nndl-project/logs/2025-03-12/23-53-45/job0_model=hybrid_ctc,trainer.devices=1,user=single_user/checkpoints/epoch=26-step=6480.ckpt' as top 1
Epoch 27, global step 6720: 'val/CER' reached 90.56269 (best 90.56269), saving model to '/home/eesoymilk/src/c247-nndl-project/logs/2025-03-12/23-53-45/job0_model=hybrid_ctc,trainer.devices=1,user=single_user/checkpoints/epoch=27-step=6720.ckpt' as top 1
Epoch 28, global step 6960: 'val/CER' reached 89.58795 (best 89.58795), saving model to '/home/eesoymilk/src/c247-nndl-project/logs/2025-03-12/23-53-45/job0_model=hybrid_ctc,trainer.devices=1,user=single_user/checkpoints/epoch=28-step=6960.ckpt' as top 1
Epoch 29, global step 7200: 'val/CER' reached 88.87904 (best 88.87904), saving model to '/home/eesoymilk/src/c247-nndl-project/logs/2025-03-12/23-53-45/job0_model=hybrid_ctc,trainer.devices=1,user=single_user/checkpoints/epoch=29-step=7200.ckpt' as top 1
Epoch 30, global step 7440: 'val/CER' reached 83.67302 (best 83.67302), saving model to '/home/eesoymilk/src/c247-nndl-project/logs/2025-03-12/23-53-45/job0_model=hybrid_ctc,trainer.devices=1,user=single_user/checkpoints/epoch=30-step=7440.ckpt' as top 1
Epoch 31, global step 7680: 'val/CER' reached 61.23172 (best 61.23172), saving model to '/home/eesoymilk/src/c247-nndl-project/logs/2025-03-12/23-53-45/job0_model=hybrid_ctc,trainer.devices=1,user=single_user/checkpoints/epoch=31-step=7680.ckpt' as top 1
Epoch 32, global step 7920: 'val/CER' reached 55.51617 (best 55.51617), saving model to '/home/eesoymilk/src/c247-nndl-project/logs/2025-03-12/23-53-45/job0_model=hybrid_ctc,trainer.devices=1,user=single_user/checkpoints/epoch=32-step=7920.ckpt' as top 1
Epoch 33, global step 8160: 'val/CER' reached 48.36066 (best 48.36066), saving model to '/home/eesoymilk/src/c247-nndl-project/logs/2025-03-12/23-53-45/job0_model=hybrid_ctc,trainer.devices=1,user=single_user/checkpoints/epoch=33-step=8160.ckpt' as top 1
Epoch 34, global step 8400: 'val/CER' was not in top 1
Epoch 35, global step 8640: 'val/CER' reached 42.06912 (best 42.06912), saving model to '/home/eesoymilk/src/c247-nndl-project/logs/2025-03-12/23-53-45/job0_model=hybrid_ctc,trainer.devices=1,user=single_user/checkpoints/epoch=35-step=8640.ckpt' as top 1
Epoch 36, global step 8880: 'val/CER' was not in top 1
Epoch 37, global step 9120: 'val/CER' reached 41.75897 (best 41.75897), saving model to '/home/eesoymilk/src/c247-nndl-project/logs/2025-03-12/23-53-45/job0_model=hybrid_ctc,trainer.devices=1,user=single_user/checkpoints/epoch=37-step=9120.ckpt' as top 1
Epoch 38, global step 9360: 'val/CER' reached 37.35046 (best 37.35046), saving model to '/home/eesoymilk/src/c247-nndl-project/logs/2025-03-12/23-53-45/job0_model=hybrid_ctc,trainer.devices=1,user=single_user/checkpoints/epoch=38-step=9360.ckpt' as top 1
Epoch 39, global step 9600: 'val/CER' reached 34.98006 (best 34.98006), saving model to '/home/eesoymilk/src/c247-nndl-project/logs/2025-03-12/23-53-45/job0_model=hybrid_ctc,trainer.devices=1,user=single_user/checkpoints/epoch=39-step=9600.ckpt' as top 1
Epoch 40, global step 9840: 'val/CER' was not in top 1
Epoch 41, global step 10080: 'val/CER' was not in top 1
Epoch 42, global step 10320: 'val/CER' reached 33.69517 (best 33.69517), saving model to '/home/eesoymilk/src/c247-nndl-project/logs/2025-03-12/23-53-45/job0_model=hybrid_ctc,trainer.devices=1,user=single_user/checkpoints/epoch=42-step=10320.ckpt' as top 1
Epoch 43, global step 10560: 'val/CER' reached 32.98626 (best 32.98626), saving model to '/home/eesoymilk/src/c247-nndl-project/logs/2025-03-12/23-53-45/job0_model=hybrid_ctc,trainer.devices=1,user=single_user/checkpoints/epoch=43-step=10560.ckpt' as top 1
Epoch 44, global step 10800: 'val/CER' reached 31.96721 (best 31.96721), saving model to '/home/eesoymilk/src/c247-nndl-project/logs/2025-03-12/23-53-45/job0_model=hybrid_ctc,trainer.devices=1,user=single_user/checkpoints/epoch=44-step=10800.ckpt' as top 1
Epoch 45, global step 11040: 'val/CER' was not in top 1
Epoch 46, global step 11280: 'val/CER' reached 31.83429 (best 31.83429), saving model to '/home/eesoymilk/src/c247-nndl-project/logs/2025-03-12/23-53-45/job0_model=hybrid_ctc,trainer.devices=1,user=single_user/checkpoints/epoch=46-step=11280.ckpt' as top 1
Epoch 47, global step 11520: 'val/CER' reached 31.32477 (best 31.32477), saving model to '/home/eesoymilk/src/c247-nndl-project/logs/2025-03-12/23-53-45/job0_model=hybrid_ctc,trainer.devices=1,user=single_user/checkpoints/epoch=47-step=11520.ckpt' as top 1
Epoch 48, global step 11760: 'val/CER' reached 30.26141 (best 30.26141), saving model to '/home/eesoymilk/src/c247-nndl-project/logs/2025-03-12/23-53-45/job0_model=hybrid_ctc,trainer.devices=1,user=single_user/checkpoints/epoch=48-step=11760.ckpt' as top 1
Epoch 49, global step 12000: 'val/CER' was not in top 1
Epoch 50, global step 12240: 'val/CER' was not in top 1
Epoch 51, global step 12480: 'val/CER' reached 29.35312 (best 29.35312), saving model to '/home/eesoymilk/src/c247-nndl-project/logs/2025-03-12/23-53-45/job0_model=hybrid_ctc,trainer.devices=1,user=single_user/checkpoints/epoch=51-step=12480.ckpt' as top 1
Epoch 52, global step 12720: 'val/CER' was not in top 1
Epoch 53, global step 12960: 'val/CER' was not in top 1
Epoch 54, global step 13200: 'val/CER' was not in top 1
Epoch 55, global step 13440: 'val/CER' was not in top 1
Epoch 56, global step 13680: 'val/CER' reached 28.71068 (best 28.71068), saving model to '/home/eesoymilk/src/c247-nndl-project/logs/2025-03-12/23-53-45/job0_model=hybrid_ctc,trainer.devices=1,user=single_user/checkpoints/epoch=56-step=13680.ckpt' as top 1
Epoch 57, global step 13920: 'val/CER' reached 28.22330 (best 28.22330), saving model to '/home/eesoymilk/src/c247-nndl-project/logs/2025-03-12/23-53-45/job0_model=hybrid_ctc,trainer.devices=1,user=single_user/checkpoints/epoch=57-step=13920.ckpt' as top 1
Epoch 58, global step 14160: 'val/CER' reached 28.13469 (best 28.13469), saving model to '/home/eesoymilk/src/c247-nndl-project/logs/2025-03-12/23-53-45/job0_model=hybrid_ctc,trainer.devices=1,user=single_user/checkpoints/epoch=58-step=14160.ckpt' as top 1
Epoch 59, global step 14400: 'val/CER' reached 27.69163 (best 27.69163), saving model to '/home/eesoymilk/src/c247-nndl-project/logs/2025-03-12/23-53-45/job0_model=hybrid_ctc,trainer.devices=1,user=single_user/checkpoints/epoch=59-step=14400.ckpt' as top 1
Epoch 60, global step 14640: 'val/CER' reached 27.09349 (best 27.09349), saving model to '/home/eesoymilk/src/c247-nndl-project/logs/2025-03-12/23-53-45/job0_model=hybrid_ctc,trainer.devices=1,user=single_user/checkpoints/epoch=60-step=14640.ckpt' as top 1
Epoch 61, global step 14880: 'val/CER' was not in top 1
Epoch 62, global step 15120: 'val/CER' reached 26.91626 (best 26.91626), saving model to '/home/eesoymilk/src/c247-nndl-project/logs/2025-03-12/23-53-45/job0_model=hybrid_ctc,trainer.devices=1,user=single_user/checkpoints/epoch=62-step=15120.ckpt' as top 1
Epoch 63, global step 15360: 'val/CER' reached 26.89411 (best 26.89411), saving model to '/home/eesoymilk/src/c247-nndl-project/logs/2025-03-12/23-53-45/job0_model=hybrid_ctc,trainer.devices=1,user=single_user/checkpoints/epoch=63-step=15360.ckpt' as top 1
Epoch 64, global step 15600: 'val/CER' reached 26.14090 (best 26.14090), saving model to '/home/eesoymilk/src/c247-nndl-project/logs/2025-03-12/23-53-45/job0_model=hybrid_ctc,trainer.devices=1,user=single_user/checkpoints/epoch=64-step=15600.ckpt' as top 1
Epoch 65, global step 15840: 'val/CER' reached 25.87506 (best 25.87506), saving model to '/home/eesoymilk/src/c247-nndl-project/logs/2025-03-12/23-53-45/job0_model=hybrid_ctc,trainer.devices=1,user=single_user/checkpoints/epoch=65-step=15840.ckpt' as top 1
Epoch 66, global step 16080: 'val/CER' was not in top 1
Epoch 67, global step 16320: 'val/CER' was not in top 1
Epoch 68, global step 16560: 'val/CER' reached 25.34338 (best 25.34338), saving model to '/home/eesoymilk/src/c247-nndl-project/logs/2025-03-12/23-53-45/job0_model=hybrid_ctc,trainer.devices=1,user=single_user/checkpoints/epoch=68-step=16560.ckpt' as top 1
Epoch 69, global step 16800: 'val/CER' was not in top 1
Epoch 70, global step 17040: 'val/CER' was not in top 1
Epoch 71, global step 17280: 'val/CER' was not in top 1
Epoch 72, global step 17520: 'val/CER' was not in top 1
Epoch 73, global step 17760: 'val/CER' was not in top 1
Epoch 74, global step 18000: 'val/CER' reached 25.27692 (best 25.27692), saving model to '/home/eesoymilk/src/c247-nndl-project/logs/2025-03-12/23-53-45/job0_model=hybrid_ctc,trainer.devices=1,user=single_user/checkpoints/epoch=74-step=18000.ckpt' as top 1
Epoch 75, global step 18240: 'val/CER' reached 24.94462 (best 24.94462), saving model to '/home/eesoymilk/src/c247-nndl-project/logs/2025-03-12/23-53-45/job0_model=hybrid_ctc,trainer.devices=1,user=single_user/checkpoints/epoch=75-step=18240.ckpt' as top 1
Epoch 76, global step 18480: 'val/CER' reached 24.67878 (best 24.67878), saving model to '/home/eesoymilk/src/c247-nndl-project/logs/2025-03-12/23-53-45/job0_model=hybrid_ctc,trainer.devices=1,user=single_user/checkpoints/epoch=76-step=18480.ckpt' as top 1
Epoch 77, global step 18720: 'val/CER' was not in top 1
Epoch 78, global step 18960: 'val/CER' reached 24.52370 (best 24.52370), saving model to '/home/eesoymilk/src/c247-nndl-project/logs/2025-03-12/23-53-45/job0_model=hybrid_ctc,trainer.devices=1,user=single_user/checkpoints/epoch=78-step=18960.ckpt' as top 1
Epoch 79, global step 19200: 'val/CER' reached 24.41294 (best 24.41294), saving model to '/home/eesoymilk/src/c247-nndl-project/logs/2025-03-12/23-53-45/job0_model=hybrid_ctc,trainer.devices=1,user=single_user/checkpoints/epoch=79-step=19200.ckpt' as top 1
Epoch 80, global step 19440: 'val/CER' reached 23.99203 (best 23.99203), saving model to '/home/eesoymilk/src/c247-nndl-project/logs/2025-03-12/23-53-45/job0_model=hybrid_ctc,trainer.devices=1,user=single_user/checkpoints/epoch=80-step=19440.ckpt' as top 1
Epoch 81, global step 19680: 'val/CER' reached 23.46035 (best 23.46035), saving model to '/home/eesoymilk/src/c247-nndl-project/logs/2025-03-12/23-53-45/job0_model=hybrid_ctc,trainer.devices=1,user=single_user/checkpoints/epoch=81-step=19680.ckpt' as top 1
Epoch 82, global step 19920: 'val/CER' reached 23.32743 (best 23.32743), saving model to '/home/eesoymilk/src/c247-nndl-project/logs/2025-03-12/23-53-45/job0_model=hybrid_ctc,trainer.devices=1,user=single_user/checkpoints/epoch=82-step=19920.ckpt' as top 1
Epoch 83, global step 20160: 'val/CER' reached 23.15020 (best 23.15020), saving model to '/home/eesoymilk/src/c247-nndl-project/logs/2025-03-12/23-53-45/job0_model=hybrid_ctc,trainer.devices=1,user=single_user/checkpoints/epoch=83-step=20160.ckpt' as top 1
Epoch 84, global step 20400: 'val/CER' reached 22.86221 (best 22.86221), saving model to '/home/eesoymilk/src/c247-nndl-project/logs/2025-03-12/23-53-45/job0_model=hybrid_ctc,trainer.devices=1,user=single_user/checkpoints/epoch=84-step=20400.ckpt' as top 1
Epoch 85, global step 20640: 'val/CER' was not in top 1
Epoch 86, global step 20880: 'val/CER' was not in top 1
Epoch 87, global step 21120: 'val/CER' was not in top 1
Epoch 88, global step 21360: 'val/CER' reached 22.55206 (best 22.55206), saving model to '/home/eesoymilk/src/c247-nndl-project/logs/2025-03-12/23-53-45/job0_model=hybrid_ctc,trainer.devices=1,user=single_user/checkpoints/epoch=88-step=21360.ckpt' as top 1
Epoch 89, global step 21600: 'val/CER' reached 22.26407 (best 22.26407), saving model to '/home/eesoymilk/src/c247-nndl-project/logs/2025-03-12/23-53-45/job0_model=hybrid_ctc,trainer.devices=1,user=single_user/checkpoints/epoch=89-step=21600.ckpt' as top 1
Epoch 90, global step 21840: 'val/CER' reached 22.21976 (best 22.21976), saving model to '/home/eesoymilk/src/c247-nndl-project/logs/2025-03-12/23-53-45/job0_model=hybrid_ctc,trainer.devices=1,user=single_user/checkpoints/epoch=90-step=21840.ckpt' as top 1
Epoch 91, global step 22080: 'val/CER' was not in top 1
Epoch 92, global step 22320: 'val/CER' was not in top 1
Epoch 93, global step 22560: 'val/CER' was not in top 1
Epoch 94, global step 22800: 'val/CER' was not in top 1
Epoch 95, global step 23040: 'val/CER' reached 22.15330 (best 22.15330), saving model to '/home/eesoymilk/src/c247-nndl-project/logs/2025-03-12/23-53-45/job0_model=hybrid_ctc,trainer.devices=1,user=single_user/checkpoints/epoch=95-step=23040.ckpt' as top 1
Epoch 96, global step 23280: 'val/CER' was not in top 1
Epoch 97, global step 23520: 'val/CER' was not in top 1
Epoch 98, global step 23760: 'val/CER' was not in top 1
Epoch 99, global step 24000: 'val/CER' was not in top 1
`Trainer.fit` stopped: `max_epochs=100` reached.
